<?xml version="1.0" encoding="UTF-8"?>
<!-- Generated by org.testng.reporters.JUnitReportReporter -->
<testsuite skipped="0" hostname="DESKTOP-KUMSLPU" name="Project.assign.LoginTest" tests="3" failures="0" timestamp="28 Feb 2018 07:36:41 GMT" time="67.161" errors="0">
  <testcase name="invalidPassword" time="25.064" classname="Project.assign.LoginTest"/>
  <testcase name="emptyEmailaddress" time="20.593" classname="Project.assign.LoginTest"/>
  <testcase name="emptySpacePassword" time="21.504" classname="Project.assign.LoginTest"/>
</testsuite> <!-- Project.assign.LoginTest -->
