<?xml version="1.0" encoding="UTF-8"?>
<!-- Generated by org.testng.reporters.JUnitReportReporter -->
<testsuite skipped="0" hostname="DESKTOP-KUMSLPU" name="Project.assign.TestLinks" tests="1" failures="0" timestamp="28 Feb 2018 07:35:25 GMT" time="22.276" errors="0">
  <testcase name="TestAllLinks" time="22.276" classname="Project.assign.TestLinks"/>
</testsuite> <!-- Project.assign.TestLinks -->
